------------------------------------------------------------------------------------------------------------------------

[2021-04-21 19:42:05 #1 store] 
Database 'C:\Users\novad\Documents\sincEstudios\estudios\DAM2\AD\proyecto\FullAuto\FullAutoObjectDB.odb' is opened by 10648@DESKTOP-4IJIUIF

[2021-04-21 19:42:05 #2 store] 
Configuration path: C:\Users\novad\Documents\sincEstudios\estudios\DAM2\AD\proyecto\objectdb-2.8.5\objectdb.conf

[2021-04-21 19:44:06 #3 *] 
[ObjectDB 2.8.5] java.lang.IllegalArgumentException
Attempt to modify a primary key of a managed object [Trabajador:null]: com.mycompany.fullauto.Trabajador#null (error 635)
	at javax.swing.AbstractCellEditor.fireEditingStopped(AbstractCellEditor.java:141)
	at javax.swing.DefaultCellEditor$EditorDelegate.stopCellEditing(DefaultCellEditor.java:368)
	at javax.swing.DefaultCellEditor.stopCellEditing(DefaultCellEditor.java:233)
	at javax.swing.tree.DefaultTreeCellEditor.stopCellEditing(DefaultTreeCellEditor.java:305)
	at javax.swing.plaf.basic.BasicTreeUI.stopEditing(BasicTreeUI.java:597)
	at javax.swing.plaf.basic.BasicTreeUI$Handler.mousePressed(BasicTreeUI.java:3536)
	at java.awt.AWTEventMulticaster.mousePressed(AWTEventMulticaster.java:279)
	at java.awt.AWTEventMulticaster.mousePressed(AWTEventMulticaster.java:279)
	at java.awt.Component.processMouseEvent(Component.java:6536)
	at javax.swing.JComponent.processMouseEvent(JComponent.java:3324)
	at java.awt.Component.processEvent(Component.java:6304)
	at java.awt.Container.processEvent(Container.java:2239)
	at java.awt.Component.dispatchEventImpl(Component.java:4889)
	at java.awt.Container.dispatchEventImpl(Container.java:2297)
	at java.awt.Component.dispatchEvent(Component.java:4711)
	at java.awt.LightweightDispatcher.retargetMouseEvent(Container.java:4904)
	at java.awt.LightweightDispatcher.processMouseEvent(Container.java:4532)
	at java.awt.LightweightDispatcher.dispatchEvent(Container.java:4476)
	at java.awt.Container.dispatchEventImpl(Container.java:2283)
	at java.awt.Window.dispatchEventImpl(Window.java:2746)
	at java.awt.Component.dispatchEvent(Component.java:4711)
	at java.awt.EventQueue.dispatchEventImpl(EventQueue.java:760)
	at java.awt.EventQueue.access$500(EventQueue.java:97)
	at java.awt.EventQueue$3.run(EventQueue.java:709)
	at java.awt.EventQueue$3.run(EventQueue.java:703)
	at java.security.AccessController.doPrivileged(Native Method)
	at java.security.ProtectionDomain$JavaSecurityAccessImpl.doIntersectionPrivilege(ProtectionDomain.java:74)
	at java.security.ProtectionDomain$JavaSecurityAccessImpl.doIntersectionPrivilege(ProtectionDomain.java:84)
	at java.awt.EventQueue$4.run(EventQueue.java:733)
	at java.awt.EventQueue$4.run(EventQueue.java:731)
	at java.security.AccessController.doPrivileged(Native Method)
	at java.security.ProtectionDomain$JavaSecurityAccessImpl.doIntersectionPrivilege(ProtectionDomain.java:74)
	at java.awt.EventQueue.dispatchEvent(EventQueue.java:730)
	at java.awt.EventDispatchThread.pumpOneEventForFilters(EventDispatchThread.java:205)
	at java.awt.EventDispatchThread.pumpEventsForFilter(EventDispatchThread.java:116)
	at java.awt.EventDispatchThread.pumpEventsForHierarchy(EventDispatchThread.java:105)
	at java.awt.EventDispatchThread.pumpEvents(EventDispatchThread.java:101)
	at java.awt.EventDispatchThread.pumpEvents(EventDispatchThread.java:93)
	at java.awt.EventDispatchThread.run(EventDispatchThread.java:82)

[2021-04-21 19:47:26 #4 *] 
[ObjectDB 2.8.5] java.lang.IllegalArgumentException
Attempt to modify a primary key of a managed object [Vehiculo:null]: com.mycompany.fullauto.Vehiculo#null (error 635)
	at javax.swing.AbstractCellEditor.fireEditingStopped(AbstractCellEditor.java:141)
	at javax.swing.DefaultCellEditor$EditorDelegate.stopCellEditing(DefaultCellEditor.java:368)
	at javax.swing.DefaultCellEditor.stopCellEditing(DefaultCellEditor.java:233)
	at javax.swing.tree.DefaultTreeCellEditor.stopCellEditing(DefaultTreeCellEditor.java:305)
	at javax.swing.plaf.basic.BasicTreeUI.stopEditing(BasicTreeUI.java:597)
	at javax.swing.plaf.basic.BasicTreeUI$Handler.mousePressed(BasicTreeUI.java:3536)
	at java.awt.AWTEventMulticaster.mousePressed(AWTEventMulticaster.java:279)
	at java.awt.AWTEventMulticaster.mousePressed(AWTEventMulticaster.java:279)
	at java.awt.Component.processMouseEvent(Component.java:6536)
	at javax.swing.JComponent.processMouseEvent(JComponent.java:3324)
	at java.awt.Component.processEvent(Component.java:6304)
	at java.awt.Container.processEvent(Container.java:2239)
	at java.awt.Component.dispatchEventImpl(Component.java:4889)
	at java.awt.Container.dispatchEventImpl(Container.java:2297)
	at java.awt.Component.dispatchEvent(Component.java:4711)
	at java.awt.LightweightDispatcher.retargetMouseEvent(Container.java:4904)
	at java.awt.LightweightDispatcher.processMouseEvent(Container.java:4532)
	at java.awt.LightweightDispatcher.dispatchEvent(Container.java:4476)
	at java.awt.Container.dispatchEventImpl(Container.java:2283)
	at java.awt.Window.dispatchEventImpl(Window.java:2746)
	at java.awt.Component.dispatchEvent(Component.java:4711)
	at java.awt.EventQueue.dispatchEventImpl(EventQueue.java:760)
	at java.awt.EventQueue.access$500(EventQueue.java:97)
	at java.awt.EventQueue$3.run(EventQueue.java:709)
	at java.awt.EventQueue$3.run(EventQueue.java:703)
	at java.security.AccessController.doPrivileged(Native Method)
	at java.security.ProtectionDomain$JavaSecurityAccessImpl.doIntersectionPrivilege(ProtectionDomain.java:74)
	at java.security.ProtectionDomain$JavaSecurityAccessImpl.doIntersectionPrivilege(ProtectionDomain.java:84)
	at java.awt.EventQueue$4.run(EventQueue.java:733)
	at java.awt.EventQueue$4.run(EventQueue.java:731)
	at java.security.AccessController.doPrivileged(Native Method)
	at java.security.ProtectionDomain$JavaSecurityAccessImpl.doIntersectionPrivilege(ProtectionDomain.java:74)
	at java.awt.EventQueue.dispatchEvent(EventQueue.java:730)
	at java.awt.EventDispatchThread.pumpOneEventForFilters(EventDispatchThread.java:205)
	at java.awt.EventDispatchThread.pumpEventsForFilter(EventDispatchThread.java:116)
	at java.awt.EventDispatchThread.pumpEventsForHierarchy(EventDispatchThread.java:105)
	at java.awt.EventDispatchThread.pumpEvents(EventDispatchThread.java:101)
	at java.awt.EventDispatchThread.pumpEvents(EventDispatchThread.java:93)
	at java.awt.EventDispatchThread.run(EventDispatchThread.java:82)

[2021-04-21 19:51:00 #5 explorer] 
java.lang.NullPointerException
	at com.objectdb.o.PRU.y(PRU.java:187)
	at com.objectdb.o.VLV.a(VLV.java:167)
	at com.objectdb.o.VLV.b(VLV.java:188)
	at com.objectdb.o.EVC.e(EVC.java:115)
	at com.objectdb.o.STA.d(STA.java:582)
	at com.objectdb.o.STM.a(STM.java:428)
	at com.objectdb.o.OBM.aG(OBM.java:962)
	at com.objectdb.jdo.PMImpl.aG(PMImpl.java:2287)
	at com.objectdb.o.OBM.aU(OBM.java:873)
	at com.objectdb.o.OBM.aH(OBM.java:782)
	at com.objectdb.jpa.EMImpl.commit(EMImpl.java:291)
	at com.objectdb.o.CNC.u(CNC.java:303)
	at com.objectdb.o.RTR.ZK(RTR.java:92)
	at com.objectdb.o.Command.actionPerformed(Command.java:471)
	at javax.swing.AbstractButton.fireActionPerformed(AbstractButton.java:2022)
	at javax.swing.AbstractButton$Handler.actionPerformed(AbstractButton.java:2348)
	at javax.swing.DefaultButtonModel.fireActionPerformed(DefaultButtonModel.java:402)
	at javax.swing.DefaultButtonModel.setPressed(DefaultButtonModel.java:259)
	at javax.swing.AbstractButton.doClick(AbstractButton.java:376)
	at javax.swing.plaf.basic.BasicMenuItemUI.doClick(BasicMenuItemUI.java:842)
	at javax.swing.plaf.basic.BasicMenuItemUI$Handler.mouseReleased(BasicMenuItemUI.java:886)
	at java.awt.Component.processMouseEvent(Component.java:6539)
	at javax.swing.JComponent.processMouseEvent(JComponent.java:3324)
	at java.awt.Component.processEvent(Component.java:6304)
	at java.awt.Container.processEvent(Container.java:2239)
	at java.awt.Component.dispatchEventImpl(Component.java:4889)
	at java.awt.Container.dispatchEventImpl(Container.java:2297)
	at java.awt.Component.dispatchEvent(Component.java:4711)
	at java.awt.LightweightDispatcher.retargetMouseEvent(Container.java:4904)
	at java.awt.LightweightDispatcher.processMouseEvent(Container.java:4535)
	at java.awt.LightweightDispatcher.dispatchEvent(Container.java:4476)
	at java.awt.Container.dispatchEventImpl(Container.java:2283)
	at java.awt.Window.dispatchEventImpl(Window.java:2746)
	at java.awt.Component.dispatchEvent(Component.java:4711)
	at java.awt.EventQueue.dispatchEventImpl(EventQueue.java:760)
	at java.awt.EventQueue.access$500(EventQueue.java:97)
	at java.awt.EventQueue$3.run(EventQueue.java:709)
	at java.awt.EventQueue$3.run(EventQueue.java:703)
	at java.security.AccessController.doPrivileged(Native Method)
	at java.security.ProtectionDomain$JavaSecurityAccessImpl.doIntersectionPrivilege(ProtectionDomain.java:74)
	at java.security.ProtectionDomain$JavaSecurityAccessImpl.doIntersectionPrivilege(ProtectionDomain.java:84)
	at java.awt.EventQueue$4.run(EventQueue.java:733)
	at java.awt.EventQueue$4.run(EventQueue.java:731)
	at java.security.AccessController.doPrivileged(Native Method)
	at java.security.ProtectionDomain$JavaSecurityAccessImpl.doIntersectionPrivilege(ProtectionDomain.java:74)
	at java.awt.EventQueue.dispatchEvent(EventQueue.java:730)
	at java.awt.EventDispatchThread.pumpOneEventForFilters(EventDispatchThread.java:205)
	at java.awt.EventDispatchThread.pumpEventsForFilter(EventDispatchThread.java:116)
	at java.awt.EventDispatchThread.pumpEventsForHierarchy(EventDispatchThread.java:105)
	at java.awt.EventDispatchThread.pumpEvents(EventDispatchThread.java:101)
	at java.awt.EventDispatchThread.pumpEvents(EventDispatchThread.java:93)
	at java.awt.EventDispatchThread.run(EventDispatchThread.java:82)

[2021-04-21 19:54:28 #6 *] 
java.lang.NullPointerException
	at com.objectdb.o.PRU.y(PRU.java:187)
	at com.objectdb.o.VLV.a(VLV.java:167)
	at com.objectdb.o.VLV.b(VLV.java:188)
	at com.objectdb.o.EVC.e(EVC.java:115)
	at com.objectdb.o.STA.d(STA.java:582)
	at com.objectdb.o.STM.a(STM.java:428)
	at com.objectdb.o.OBM.aG(OBM.java:962)
	at com.objectdb.jdo.PMImpl.aG(PMImpl.java:2287)
	at com.objectdb.o.OBM.aU(OBM.java:873)
	at com.objectdb.o.OBM.aJ(OBM.java:818)
	at com.objectdb.o.EXT$a.<init>(EXT.java:257)
	at com.objectdb.o.EXT.iterator(EXT.java:145)
	at com.objectdb.o.ETI.X(ETI.java:64)
	at com.objectdb.o.RSI.U(RSI.java:193)
	at com.objectdb.o.ItemTreeControl.c(ItemTreeControl.java:334)
	at com.objectdb.o.ItemTreePanel.g(ItemTreePanel.java:159)
	at com.objectdb.o.MainFrame.f(MainFrame.java:235)
	at com.objectdb.o.MainFrame.f(MainFrame.java:233)
	at com.objectdb.o.MainFrame.f(MainFrame.java:233)
	at com.objectdb.o.MainFrame.f(MainFrame.java:233)
	at com.objectdb.o.MainFrame.f(MainFrame.java:233)
	at com.objectdb.o.MainFrame.f(MainFrame.java:233)
	at com.objectdb.o.MainFrame.f(MainFrame.java:233)
	at com.objectdb.o.MainFrame.f(MainFrame.java:233)
	at com.objectdb.o.MainFrame.f(MainFrame.java:233)
	at com.objectdb.o.MainFrame.f(MainFrame.java:233)
	at com.objectdb.o.MainFrame.f(MainFrame.java:233)
	at com.objectdb.o.MainFrame.e(MainFrame.java:218)
	at com.objectdb.o.EXA.k(EXA.java:196)
	at com.objectdb.o.EXA.j(EXA.java:188)
	at com.objectdb.o.NewEntityDialog.c(NewEntityDialog.java:110)
	at com.objectdb.o.NewEntityDialog.b(NewEntityDialog.java:199)
	at com.objectdb.o.NewEntityDialog.actionPerformed(NewEntityDialog.java:193)
	at javax.swing.AbstractButton.fireActionPerformed(AbstractButton.java:2022)
	at javax.swing.AbstractButton$Handler.actionPerformed(AbstractButton.java:2348)
	at javax.swing.DefaultButtonModel.fireActionPerformed(DefaultButtonModel.java:402)
	at javax.swing.DefaultButtonModel.setPressed(DefaultButtonModel.java:259)
	at javax.swing.plaf.basic.BasicButtonListener.mouseReleased(BasicButtonListener.java:252)
	at java.awt.Component.processMouseEvent(Component.java:6539)
	at javax.swing.JComponent.processMouseEvent(JComponent.java:3324)
	at java.awt.Component.processEvent(Component.java:6304)
	at java.awt.Container.processEvent(Container.java:2239)
	at java.awt.Component.dispatchEventImpl(Component.java:4889)
	at java.awt.Container.dispatchEventImpl(Container.java:2297)
	at java.awt.Component.dispatchEvent(Component.java:4711)
	at java.awt.LightweightDispatcher.retargetMouseEvent(Container.java:4904)
	at java.awt.LightweightDispatcher.processMouseEvent(Container.java:4535)
	at java.awt.LightweightDispatcher.dispatchEvent(Container.java:4476)
	at java.awt.Container.dispatchEventImpl(Container.java:2283)
	at java.awt.Window.dispatchEventImpl(Window.java:2746)
	at java.awt.Component.dispatchEvent(Component.java:4711)
	at java.awt.EventQueue.dispatchEventImpl(EventQueue.java:760)
	at java.awt.EventQueue.access$500(EventQueue.java:97)
	at java.awt.EventQueue$3.run(EventQueue.java:709)
	at java.awt.EventQueue$3.run(EventQueue.java:703)
	at java.security.AccessController.doPrivileged(Native Method)
	at java.security.ProtectionDomain$JavaSecurityAccessImpl.doIntersectionPrivilege(ProtectionDomain.java:74)
	at java.security.ProtectionDomain$JavaSecurityAccessImpl.doIntersectionPrivilege(ProtectionDomain.java:84)
	at java.awt.EventQueue$4.run(EventQueue.java:733)
	at java.awt.EventQueue$4.run(EventQueue.java:731)
	at java.security.AccessController.doPrivileged(Native Method)
	at java.security.ProtectionDomain$JavaSecurityAccessImpl.doIntersectionPrivilege(ProtectionDomain.java:74)
	at java.awt.EventQueue.dispatchEvent(EventQueue.java:730)
	at java.awt.EventDispatchThread.pumpOneEventForFilters(EventDispatchThread.java:205)
	at java.awt.EventDispatchThread.pumpEventsForFilter(EventDispatchThread.java:116)
	at java.awt.EventDispatchThread.pumpEventsForFilter(EventDispatchThread.java:109)
	at java.awt.WaitDispatchSupport$2.run(WaitDispatchSupport.java:190)
	at java.awt.WaitDispatchSupport$4.run(WaitDispatchSupport.java:235)
	at java.awt.WaitDispatchSupport$4.run(WaitDispatchSupport.java:233)
	at java.security.AccessController.doPrivileged(Native Method)
	at java.awt.WaitDispatchSupport.enter(WaitDispatchSupport.java:233)
	at java.awt.Dialog.show(Dialog.java:1084)
	at java.awt.Component.show(Component.java:1671)
	at java.awt.Component.setVisible(Component.java:1623)
	at java.awt.Window.setVisible(Window.java:1014)
	at java.awt.Dialog.setVisible(Dialog.java:1005)
	at com.objectdb.o.RTR.g(RTR.java:470)
	at com.objectdb.o.SchemaPanel.ZK(SchemaPanel.java:191)
	at com.objectdb.o.RTR.ZK(RTR.java:71)
	at com.objectdb.o.Command.actionPerformed(Command.java:471)
	at javax.swing.AbstractButton.fireActionPerformed(AbstractButton.java:2022)
	at javax.swing.AbstractButton$Handler.actionPerformed(AbstractButton.java:2348)
	at javax.swing.DefaultButtonModel.fireActionPerformed(DefaultButtonModel.java:402)
	at javax.swing.DefaultButtonModel.setPressed(DefaultButtonModel.java:259)
	at javax.swing.AbstractButton.doClick(AbstractButton.java:376)
	at javax.swing.plaf.basic.BasicMenuItemUI.doClick(BasicMenuItemUI.java:842)
	at javax.swing.plaf.basic.BasicMenuItemUI$Handler.mouseReleased(BasicMenuItemUI.java:886)
	at java.awt.Component.processMouseEvent(Component.java:6539)
	at javax.swing.JComponent.processMouseEvent(JComponent.java:3324)
	at java.awt.Component.processEvent(Component.java:6304)
	at java.awt.Container.processEvent(Container.java:2239)
	at java.awt.Component.dispatchEventImpl(Component.java:4889)
	at java.awt.Container.dispatchEventImpl(Container.java:2297)
	at java.awt.Component.dispatchEvent(Component.java:4711)
	at java.awt.LightweightDispatcher.retargetMouseEvent(Container.java:4904)
	at java.awt.LightweightDispatcher.processMouseEvent(Container.java:4535)
	at java.awt.LightweightDispatcher.dispatchEvent(Container.java:4476)
	at java.awt.Container.dispatchEventImpl(Container.java:2283)
	at java.awt.Window.dispatchEventImpl(Window.java:2746)
	at java.awt.Component.dispatchEvent(Component.java:4711)
	at java.awt.EventQueue.dispatchEventImpl(EventQueue.java:760)
	at java.awt.EventQueue.access$500(EventQueue.java:97)
	at java.awt.EventQueue$3.run(EventQueue.java:709)
	at java.awt.EventQueue$3.run(EventQueue.java:703)
	at java.security.AccessController.doPrivileged(Native Method)
	at java.security.ProtectionDomain$JavaSecurityAccessImpl.doIntersectionPrivilege(ProtectionDomain.java:74)
	at java.security.ProtectionDomain$JavaSecurityAccessImpl.doIntersectionPrivilege(ProtectionDomain.java:84)
	at java.awt.EventQueue$4.run(EventQueue.java:733)
	at java.awt.EventQueue$4.run(EventQueue.java:731)
	at java.security.AccessController.doPrivileged(Native Method)
	at java.security.ProtectionDomain$JavaSecurityAccessImpl.doIntersectionPrivilege(ProtectionDomain.java:74)
	at java.awt.EventQueue.dispatchEvent(EventQueue.java:730)
	at java.awt.EventDispatchThread.pumpOneEventForFilters(EventDispatchThread.java:205)
	at java.awt.EventDispatchThread.pumpEventsForFilter(EventDispatchThread.java:116)
	at java.awt.EventDispatchThread.pumpEventsForHierarchy(EventDispatchThread.java:105)
	at java.awt.EventDispatchThread.pumpEvents(EventDispatchThread.java:101)
	at java.awt.EventDispatchThread.pumpEvents(EventDispatchThread.java:93)
	at java.awt.EventDispatchThread.run(EventDispatchThread.java:82)

[2021-04-21 19:54:48 #7 explorer] 
java.lang.NullPointerException
	at com.objectdb.o.PRU.y(PRU.java:187)
	at com.objectdb.o.VLV.a(VLV.java:167)
	at com.objectdb.o.VLV.b(VLV.java:188)
	at com.objectdb.o.EVC.e(EVC.java:115)
	at com.objectdb.o.STA.d(STA.java:582)
	at com.objectdb.o.STM.a(STM.java:428)
	at com.objectdb.o.OBM.aG(OBM.java:962)
	at com.objectdb.jdo.PMImpl.aG(PMImpl.java:2287)
	at com.objectdb.o.OBM.aU(OBM.java:873)
	at com.objectdb.o.OBM.aH(OBM.java:782)
	at com.objectdb.jpa.EMImpl.commit(EMImpl.java:291)
	at com.objectdb.o.CNC.u(CNC.java:303)
	at com.objectdb.o.RTR.ZK(RTR.java:92)
	at com.objectdb.o.Command.actionPerformed(Command.java:471)
	at javax.swing.AbstractButton.fireActionPerformed(AbstractButton.java:2022)
	at javax.swing.AbstractButton$Handler.actionPerformed(AbstractButton.java:2348)
	at javax.swing.DefaultButtonModel.fireActionPerformed(DefaultButtonModel.java:402)
	at javax.swing.DefaultButtonModel.setPressed(DefaultButtonModel.java:259)
	at javax.swing.plaf.basic.BasicButtonListener.mouseReleased(BasicButtonListener.java:252)
	at java.awt.AWTEventMulticaster.mouseReleased(AWTEventMulticaster.java:289)
	at java.awt.AWTEventMulticaster.mouseReleased(AWTEventMulticaster.java:289)
	at java.awt.Component.processMouseEvent(Component.java:6539)
	at javax.swing.JComponent.processMouseEvent(JComponent.java:3324)
	at java.awt.Component.processEvent(Component.java:6304)
	at java.awt.Container.processEvent(Container.java:2239)
	at java.awt.Component.dispatchEventImpl(Component.java:4889)
	at java.awt.Container.dispatchEventImpl(Container.java:2297)
	at java.awt.Component.dispatchEvent(Component.java:4711)
	at java.awt.LightweightDispatcher.retargetMouseEvent(Container.java:4904)
	at java.awt.LightweightDispatcher.processMouseEvent(Container.java:4535)
	at java.awt.LightweightDispatcher.dispatchEvent(Container.java:4476)
	at java.awt.Container.dispatchEventImpl(Container.java:2283)
	at java.awt.Window.dispatchEventImpl(Window.java:2746)
	at java.awt.Component.dispatchEvent(Component.java:4711)
	at java.awt.EventQueue.dispatchEventImpl(EventQueue.java:760)
	at java.awt.EventQueue.access$500(EventQueue.java:97)
	at java.awt.EventQueue$3.run(EventQueue.java:709)
	at java.awt.EventQueue$3.run(EventQueue.java:703)
	at java.security.AccessController.doPrivileged(Native Method)
	at java.security.ProtectionDomain$JavaSecurityAccessImpl.doIntersectionPrivilege(ProtectionDomain.java:74)
	at java.security.ProtectionDomain$JavaSecurityAccessImpl.doIntersectionPrivilege(ProtectionDomain.java:84)
	at java.awt.EventQueue$4.run(EventQueue.java:733)
	at java.awt.EventQueue$4.run(EventQueue.java:731)
	at java.security.AccessController.doPrivileged(Native Method)
	at java.security.ProtectionDomain$JavaSecurityAccessImpl.doIntersectionPrivilege(ProtectionDomain.java:74)
	at java.awt.EventQueue.dispatchEvent(EventQueue.java:730)
	at java.awt.EventDispatchThread.pumpOneEventForFilters(EventDispatchThread.java:205)
	at java.awt.EventDispatchThread.pumpEventsForFilter(EventDispatchThread.java:116)
	at java.awt.EventDispatchThread.pumpEventsForHierarchy(EventDispatchThread.java:105)
	at java.awt.EventDispatchThread.pumpEvents(EventDispatchThread.java:101)
	at java.awt.EventDispatchThread.pumpEvents(EventDispatchThread.java:93)
	at java.awt.EventDispatchThread.run(EventDispatchThread.java:82)

[2021-04-21 19:55:30 #8 store] 
Database 'C:\Users\novad\Documents\sincEstudios\estudios\DAM2\AD\proyecto\FullAuto\FullAutoObjectDB.odb' is closed by 10648@DESKTOP-4IJIUIF

